<?xml version="1.0" encoding="UTF-8"?>
<coverage generated="1652052158958" clover="3.2.0">
  <project timestamp="1652052158958" name="All files">
    <metrics statements="4" coveredstatements="4" conditionals="0" coveredconditionals="0" methods="3" coveredmethods="3" elements="7" coveredelements="7" complexity="0" loc="4" ncloc="4" packages="1" files="1" classes="1"/>
    <file name="ToolBar.vue" path="/Users/aritonkaramani/Desktop/Test/task/employee-mock/src/components/ToolBar.vue">
      <metrics statements="4" coveredstatements="4" conditionals="0" coveredconditionals="0" methods="3" coveredmethods="3"/>
      <line num="14" count="2" type="stmt"/>
      <line num="16" count="2" type="stmt"/>
      <line num="23" count="1" type="stmt"/>
      <line num="26" count="3" type="stmt"/>
    </file>
  </project>
</coverage>
