{"/Users/aritonkaramani/Desktop/Test/task/employee-mock/src/components/ToolBar.vue": {"path":"/Users/aritonkaramani/Desktop/Test/task/employee-mock/src/components/ToolBar.vue","statementMap":{"0":{"start":{"line":14,"column":15},"end":{"line":14,"column":null}},"1":{"start":{"line":16,"column":4},"end":{"line":16,"column":11}},"2":{"start":{"line":23,"column":6},"end":{"line":23,"column":11}},"3":{"start":{"line":26,"column":6},"end":{"line":26,"column":11}}},"fnMap":{"0":{"name":"(anonymous_0)","decl":{"start":{"line":15,"column":2},"end":{"line":15,"column":6}},"loc":{"start":{"line":15,"column":9},"end":{"line":20,"column":null}}},"1":{"name":"(anonymous_1)","decl":{"start":{"line":22,"column":4},"end":{"line":22,"column":9}},"loc":{"start":{"line":22,"column":12},"end":{"line":24,"column":null}}},"2":{"name":"(anonymous_2)","decl":{"start":{"line":25,"column":4},"end":{"line":25,"column":14}},"loc":{"start":{"line":25,"column":17},"end":{"line":27,"column":null}}}},"branchMap":{},"s":{"0":2,"1":2,"2":1,"3":3},"f":{"0":2,"1":1,"2":3},"b":{}}
}
