TN:
SF:src/App.vue
FN:27,data
FN:34,filteredEmployeeList
FN:43,mounted
FN:47,setup
FN:51,getEmployees
FN:62,setQuery
FN:65,fixNullData
FN:76,sortList
FN:95,propertySort
FNF:9
FNH:8
FNDA:6,data
FNDA:12,filteredEmployeeList
FNDA:6,mounted
FNDA:6,setup
FNDA:7,getEmployees
FNDA:1,setQuery
FNDA:7,fixNullData
FNDA:0,sortList
FNDA:3,propertySort
DA:1,1
DA:2,1
DA:3,1
DA:4,1
DA:5,1
DA:6,1
DA:7,1
DA:8,1
DA:9,1
DA:10,1
DA:11,1
DA:12,1
DA:13,1
DA:14,1
DA:15,1
DA:16,1
DA:17,1
DA:18,1
DA:19,1
DA:20,1
DA:21,1
DA:22,1
DA:23,1
DA:24,1
DA:25,1
DA:26,1
DA:27,1
DA:28,6
DA:29,6
DA:30,6
DA:31,6
DA:32,6
DA:33,1
DA:34,1
DA:35,12
DA:36,30
DA:37,30
DA:38,30
DA:39,30
DA:40,30
DA:41,12
DA:42,1
DA:43,1
DA:44,6
DA:45,6
DA:46,1
DA:47,1
DA:48,6
DA:49,6
DA:50,6
DA:51,1
DA:52,7
DA:53,7
DA:54,7
DA:55,7
DA:56,7
DA:57,7
DA:58,7
DA:59,7
DA:60,7
DA:61,7
DA:62,1
DA:63,1
DA:64,1
DA:65,1
DA:66,7
DA:67,35
DA:68,1
DA:69,1
DA:70,35
DA:71,1
DA:72,1
DA:73,35
DA:74,7
DA:75,7
DA:76,1
DA:77,0
DA:78,0
DA:79,0
DA:80,0
DA:81,0
DA:82,0
DA:83,0
DA:84,0
DA:85,0
DA:86,0
DA:87,0
DA:88,0
DA:89,0
DA:90,0
DA:91,0
DA:92,0
DA:93,0
DA:94,0
DA:95,1
DA:96,3
DA:97,7
DA:98,7
DA:99,6
DA:100,6
DA:101,6
DA:102,6
DA:103,7
DA:104,7
DA:105,3
DA:106,1
DA:107,1
DA:108,1
DA:109,1
DA:110,1
DA:111,1
DA:112,1
LF:112
LH:94
BRDA:27,0,0,6
BRDA:34,1,0,12
BRDA:35,2,0,30
BRDA:37,3,0,5
BRDA:43,4,0,6
BRDA:47,5,0,6
BRDA:51,6,0,7
BRDA:58,7,0,7
BRDA:62,8,0,1
BRDA:65,9,0,7
BRDA:66,10,0,35
BRDA:67,11,0,1
BRDA:70,12,0,1
BRDA:95,13,0,3
BRDA:96,14,0,7
BRDA:98,15,0,1
BRDA:98,16,0,6
BRF:17
BRH:17
end_of_record
TN:
SF:src/components/InfoCard.vue
FN:87,errorImg
FNF:1
FNH:0
FNDA:0,errorImg
DA:1,1
DA:2,1
DA:3,1
DA:4,1
DA:5,1
DA:6,1
DA:7,1
DA:8,1
DA:9,1
DA:10,1
DA:11,1
DA:12,1
DA:13,1
DA:14,1
DA:15,1
DA:16,1
DA:17,1
DA:18,1
DA:19,1
DA:20,1
DA:21,1
DA:22,1
DA:23,1
DA:24,1
DA:25,1
DA:26,1
DA:27,1
DA:28,1
DA:29,1
DA:30,1
DA:31,1
DA:32,1
DA:33,1
DA:34,1
DA:35,1
DA:36,1
DA:37,1
DA:38,1
DA:39,1
DA:40,1
DA:41,1
DA:42,1
DA:43,1
DA:44,1
DA:45,1
DA:46,1
DA:47,1
DA:48,1
DA:49,1
DA:50,1
DA:51,1
DA:52,1
DA:53,1
DA:54,1
DA:55,1
DA:56,1
DA:57,1
DA:58,1
DA:59,1
DA:60,1
DA:61,1
DA:62,1
DA:63,1
DA:64,1
DA:65,1
DA:66,1
DA:67,1
DA:68,1
DA:69,1
DA:70,1
DA:71,1
DA:72,1
DA:73,1
DA:74,1
DA:75,1
DA:76,1
DA:77,1
DA:78,1
DA:79,1
DA:80,1
DA:81,1
DA:82,1
DA:83,1
DA:84,1
DA:85,1
DA:86,1
DA:87,1
DA:88,0
DA:89,0
DA:90,1
DA:91,1
DA:92,1
DA:93,1
DA:94,1
DA:95,1
DA:96,1
LF:96
LH:94
BRF:0
BRH:0
end_of_record
TN:
SF:src/components/ToolBar.vue
FN:15,data
FN:22,query
FN:25,sortOption
FNF:3
FNH:3
FNDA:2,data
FNDA:1,query
FNDA:3,sortOption
DA:1,1
DA:2,1
DA:3,1
DA:4,1
DA:5,1
DA:6,1
DA:7,1
DA:8,1
DA:9,1
DA:10,1
DA:11,1
DA:12,1
DA:13,1
DA:14,1
DA:15,1
DA:16,2
DA:17,2
DA:18,2
DA:19,2
DA:20,2
DA:21,1
DA:22,1
DA:23,1
DA:24,1
DA:25,1
DA:26,3
DA:27,3
DA:28,1
DA:29,1
DA:30,1
DA:31,1
DA:32,1
LF:32
LH:32
BRDA:15,0,0,2
BRDA:22,1,0,1
BRDA:25,2,0,3
BRF:3
BRH:3
end_of_record
